TOP.62bc9a19.000a6fc2	START
TOP.62bc9a19.000a6fc2	folder_config->cwd	C:\Users\91946\OneDrive\Desktop\GS-vintern\hashcat-6.2.5
TOP.62bc9a19.000a6fc2	folder_config->install_dir	.
TOP.62bc9a19.000a6fc2	folder_config->profile_dir	.
TOP.62bc9a19.000a6fc2	folder_config->session_dir	.
TOP.62bc9a19.000a6fc2	folder_config->shared_dir	.
TOP.62bc9a19.000a6fc2	user_options->custom_charset_1	?l?d?u
TOP.62bc9a19.000a6fc2	user_options->custom_charset_2	?l?d
TOP.62bc9a19.000a6fc2	user_options->custom_charset_3	?l?d*!$@_
TOP.62bc9a19.000a6fc2	user_options->encoding_from	utf-8
TOP.62bc9a19.000a6fc2	user_options->encoding_to	utf-8
TOP.62bc9a19.000a6fc2	user_options->outfile	crack.txt
TOP.62bc9a19.000a6fc2	user_options->rule_buf_l	:
TOP.62bc9a19.000a6fc2	user_options->rule_buf_r	:
TOP.62bc9a19.000a6fc2	user_options->session	hashcat
TOP.62bc9a19.000a6fc2	user_options->separator	:
TOP.62bc9a19.000a6fc2	user_options->limit	0
TOP.62bc9a19.000a6fc2	user_options->skip	0
TOP.62bc9a19.000a6fc2	user_options->attack_mode	3
TOP.62bc9a19.000a6fc2	user_options->benchmark	0
TOP.62bc9a19.000a6fc2	user_options->benchmark_all	0
TOP.62bc9a19.000a6fc2	user_options->bitmap_max	18
TOP.62bc9a19.000a6fc2	user_options->bitmap_min	16
TOP.62bc9a19.000a6fc2	user_options->debug_mode	0
TOP.62bc9a19.000a6fc2	user_options->hash_info	0
TOP.62bc9a19.000a6fc2	user_options->force	0
TOP.62bc9a19.000a6fc2	user_options->hwmon_disable	0
TOP.62bc9a19.000a6fc2	user_options->hwmon_temp_abort	90
TOP.62bc9a19.000a6fc2	user_options->hash_mode	0
TOP.62bc9a19.000a6fc2	user_options->hex_charset	0
TOP.62bc9a19.000a6fc2	user_options->hex_salt	0
TOP.62bc9a19.000a6fc2	user_options->hex_wordlist	0
TOP.62bc9a19.000a6fc2	user_options->hook_threads	4
TOP.62bc9a19.000a6fc2	user_options->identify	0
TOP.62bc9a19.000a6fc2	user_options->increment	1
TOP.62bc9a19.000a6fc2	user_options->increment_max	256
TOP.62bc9a19.000a6fc2	user_options->increment_min	1
TOP.62bc9a19.000a6fc2	user_options->keep_guessing	0
TOP.62bc9a19.000a6fc2	user_options->kernel_accel	0
TOP.62bc9a19.000a6fc2	user_options->kernel_loops	0
TOP.62bc9a19.000a6fc2	user_options->kernel_threads	0
TOP.62bc9a19.000a6fc2	user_options->keyspace	0
TOP.62bc9a19.000a6fc2	user_options->left	0
TOP.62bc9a19.000a6fc2	user_options->logfile_disable	0
TOP.62bc9a19.000a6fc2	user_options->loopback	0
TOP.62bc9a19.000a6fc2	user_options->machine_readable	0
TOP.62bc9a19.000a6fc2	user_options->markov_classic	0
TOP.62bc9a19.000a6fc2	user_options->markov_disable	0
TOP.62bc9a19.000a6fc2	user_options->markov_inverse	0
TOP.62bc9a19.000a6fc2	user_options->markov_threshold	256
TOP.62bc9a19.000a6fc2	user_options->multiply_accel_disable	0
TOP.62bc9a19.000a6fc2	user_options->backend_info	0
TOP.62bc9a19.000a6fc2	user_options->backend_vector_width	0
TOP.62bc9a19.000a6fc2	user_options->optimized_kernel_enable	0
TOP.62bc9a19.000a6fc2	user_options->outfile_autohex	1
TOP.62bc9a19.000a6fc2	user_options->outfile_check_timer	5
TOP.62bc9a19.000a6fc2	user_options->outfile_format	3
TOP.62bc9a19.000a6fc2	user_options->wordlist_autohex_disable	0
TOP.62bc9a19.000a6fc2	user_options->potfile_disable	0
TOP.62bc9a19.000a6fc2	user_options->progress_only	0
TOP.62bc9a19.000a6fc2	user_options->quiet	0
TOP.62bc9a19.000a6fc2	user_options->remove	0
TOP.62bc9a19.000a6fc2	user_options->remove_timer	60
TOP.62bc9a19.000a6fc2	user_options->restore	0
TOP.62bc9a19.000a6fc2	user_options->restore_disable	0
TOP.62bc9a19.000a6fc2	user_options->restore_timer	60
TOP.62bc9a19.000a6fc2	user_options->rp_files_cnt	0
TOP.62bc9a19.000a6fc2	user_options->rp_gen	0
TOP.62bc9a19.000a6fc2	user_options->rp_gen_func_max	4
TOP.62bc9a19.000a6fc2	user_options->rp_gen_func_min	1
TOP.62bc9a19.000a6fc2	user_options->rp_gen_seed	0
TOP.62bc9a19.000a6fc2	user_options->runtime	0
TOP.62bc9a19.000a6fc2	user_options->scrypt_tmto	0
TOP.62bc9a19.000a6fc2	user_options->segment_size	33554432
TOP.62bc9a19.000a6fc2	user_options->self_test_disable	0
TOP.62bc9a19.000a6fc2	user_options->slow_candidates	0
TOP.62bc9a19.000a6fc2	user_options->show	0
TOP.62bc9a19.000a6fc2	user_options->speed_only	0
TOP.62bc9a19.000a6fc2	user_options->spin_damp	0
TOP.62bc9a19.000a6fc2	user_options->status	0
TOP.62bc9a19.000a6fc2	user_options->status_json	0
TOP.62bc9a19.000a6fc2	user_options->status_timer	10
TOP.62bc9a19.000a6fc2	user_options->stdout_flag	0
TOP.62bc9a19.000a6fc2	user_options->usage	0
TOP.62bc9a19.000a6fc2	user_options->username	0
TOP.62bc9a19.000a6fc2	user_options->veracrypt_pim_start	485
TOP.62bc9a19.000a6fc2	user_options->veracrypt_pim_stop	485
TOP.62bc9a19.000a6fc2	user_options->version	0
TOP.62bc9a19.000a6fc2	user_options->workload_profile	2
TOP.62bc9a19.000a6fc2	user_options->brain_client	0
TOP.62bc9a19.000a6fc2	user_options->brain_client_features	2
TOP.62bc9a19.000a6fc2	user_options->brain_server	0
TOP.62bc9a19.000a6fc2	user_options->brain_server_timer	300
TOP.62bc9a19.000a6fc2	user_options->brain_port	6863
TOP.62bc9a19.000a6fc2	user_options->brain_session	0
TOP.62bc9a19.000a6fc2	hashes->hashfile	hash.txt
TOP.62bc9a19.000a6fc2	hashes->hashlist_mode	5
TOP.62bc9a19.000a6fc2	hashes->hashlist_format	0
TOP.62bc9a19.000a6fc2	hashes->hashes_cnt	0
TOP.62bc9a19.000a6fc2	hashes->digests_cnt	1
TOP.62bc9a19.000a6fc2	hashes->digests_done	0
TOP.62bc9a19.000a6fc2	hashes->salts_cnt	1
TOP.62bc9a19.000a6fc2	hashes->salts_done	0
TOP.62bca06e.000ce841	START
TOP.62bca06e.000ce841	folder_config->cwd	C:\Users\91946\OneDrive\Desktop\GS-vintern\hashcat-6.2.5
TOP.62bca06e.000ce841	folder_config->install_dir	.
TOP.62bca06e.000ce841	folder_config->profile_dir	.
TOP.62bca06e.000ce841	folder_config->session_dir	.
TOP.62bca06e.000ce841	folder_config->shared_dir	.
TOP.62bca06e.000ce841	user_options->custom_charset_1	?l?d?u
TOP.62bca06e.000ce841	user_options->custom_charset_2	?l?d
TOP.62bca06e.000ce841	user_options->custom_charset_3	?l?d*!$@_
TOP.62bca06e.000ce841	user_options->encoding_from	utf-8
TOP.62bca06e.000ce841	user_options->encoding_to	utf-8
TOP.62bca06e.000ce841	user_options->outfile	crack.txt
TOP.62bca06e.000ce841	user_options->rule_buf_l	:
TOP.62bca06e.000ce841	user_options->rule_buf_r	:
TOP.62bca06e.000ce841	user_options->session	hashcat
TOP.62bca06e.000ce841	user_options->separator	:
TOP.62bca06e.000ce841	user_options->limit	0
TOP.62bca06e.000ce841	user_options->skip	0
TOP.62bca06e.000ce841	user_options->attack_mode	3
TOP.62bca06e.000ce841	user_options->benchmark	0
TOP.62bca06e.000ce841	user_options->benchmark_all	0
TOP.62bca06e.000ce841	user_options->bitmap_max	18
TOP.62bca06e.000ce841	user_options->bitmap_min	16
TOP.62bca06e.000ce841	user_options->debug_mode	0
TOP.62bca06e.000ce841	user_options->hash_info	0
TOP.62bca06e.000ce841	user_options->force	0
TOP.62bca06e.000ce841	user_options->hwmon_disable	0
TOP.62bca06e.000ce841	user_options->hwmon_temp_abort	90
TOP.62bca06e.000ce841	user_options->hash_mode	0
TOP.62bca06e.000ce841	user_options->hex_charset	0
TOP.62bca06e.000ce841	user_options->hex_salt	0
TOP.62bca06e.000ce841	user_options->hex_wordlist	0
TOP.62bca06e.000ce841	user_options->hook_threads	4
TOP.62bca06e.000ce841	user_options->identify	0
TOP.62bca06e.000ce841	user_options->increment	1
TOP.62bca06e.000ce841	user_options->increment_max	256
TOP.62bca06e.000ce841	user_options->increment_min	1
TOP.62bca06e.000ce841	user_options->keep_guessing	0
TOP.62bca06e.000ce841	user_options->kernel_accel	0
TOP.62bca06e.000ce841	user_options->kernel_loops	0
TOP.62bca06e.000ce841	user_options->kernel_threads	0
TOP.62bca06e.000ce841	user_options->keyspace	0
TOP.62bca06e.000ce841	user_options->left	0
TOP.62bca06e.000ce841	user_options->logfile_disable	0
TOP.62bca06e.000ce841	user_options->loopback	0
TOP.62bca06e.000ce841	user_options->machine_readable	0
TOP.62bca06e.000ce841	user_options->markov_classic	0
TOP.62bca06e.000ce841	user_options->markov_disable	0
TOP.62bca06e.000ce841	user_options->markov_inverse	0
TOP.62bca06e.000ce841	user_options->markov_threshold	256
TOP.62bca06e.000ce841	user_options->multiply_accel_disable	0
TOP.62bca06e.000ce841	user_options->backend_info	0
TOP.62bca06e.000ce841	user_options->backend_vector_width	0
TOP.62bca06e.000ce841	user_options->optimized_kernel_enable	0
TOP.62bca06e.000ce841	user_options->outfile_autohex	1
TOP.62bca06e.000ce841	user_options->outfile_check_timer	5
TOP.62bca06e.000ce841	user_options->outfile_format	3
TOP.62bca06e.000ce841	user_options->wordlist_autohex_disable	0
TOP.62bca06e.000ce841	user_options->potfile_disable	0
TOP.62bca06e.000ce841	user_options->progress_only	0
TOP.62bca06e.000ce841	user_options->quiet	0
TOP.62bca06e.000ce841	user_options->remove	0
TOP.62bca06e.000ce841	user_options->remove_timer	60
TOP.62bca06e.000ce841	user_options->restore	0
TOP.62bca06e.000ce841	user_options->restore_disable	0
TOP.62bca06e.000ce841	user_options->restore_timer	60
TOP.62bca06e.000ce841	user_options->rp_files_cnt	0
TOP.62bca06e.000ce841	user_options->rp_gen	0
TOP.62bca06e.000ce841	user_options->rp_gen_func_max	4
TOP.62bca06e.000ce841	user_options->rp_gen_func_min	1
TOP.62bca06e.000ce841	user_options->rp_gen_seed	0
TOP.62bca06e.000ce841	user_options->runtime	0
TOP.62bca06e.000ce841	user_options->scrypt_tmto	0
TOP.62bca06e.000ce841	user_options->segment_size	33554432
TOP.62bca06e.000ce841	user_options->self_test_disable	0
TOP.62bca06e.000ce841	user_options->slow_candidates	0
TOP.62bca06e.000ce841	user_options->show	0
TOP.62bca06e.000ce841	user_options->speed_only	0
TOP.62bca06e.000ce841	user_options->spin_damp	0
TOP.62bca06e.000ce841	user_options->status	0
TOP.62bca06e.000ce841	user_options->status_json	0
TOP.62bca06e.000ce841	user_options->status_timer	10
TOP.62bca06e.000ce841	user_options->stdout_flag	0
TOP.62bca06e.000ce841	user_options->usage	0
TOP.62bca06e.000ce841	user_options->username	0
TOP.62bca06e.000ce841	user_options->veracrypt_pim_start	485
TOP.62bca06e.000ce841	user_options->veracrypt_pim_stop	485
TOP.62bca06e.000ce841	user_options->version	0
TOP.62bca06e.000ce841	user_options->workload_profile	2
TOP.62bca06e.000ce841	user_options->brain_client	0
TOP.62bca06e.000ce841	user_options->brain_client_features	2
TOP.62bca06e.000ce841	user_options->brain_server	0
TOP.62bca06e.000ce841	user_options->brain_server_timer	300
TOP.62bca06e.000ce841	user_options->brain_port	6863
TOP.62bca06e.000ce841	user_options->brain_session	0
TOP.62bca06e.000ce841	hashes->hashfile	hash.txt
TOP.62bca06e.000ce841	hashes->hashlist_mode	5
TOP.62bca06e.000ce841	hashes->hashlist_format	0
TOP.62bca06e.000ce841	hashes->hashes_cnt	0
TOP.62bca06e.000ce841	hashes->digests_cnt	1
TOP.62bca06e.000ce841	hashes->digests_done	0
TOP.62bca06e.000ce841	hashes->salts_cnt	1
TOP.62bca06e.000ce841	hashes->salts_done	0
TOP.62bca25f.000b2cf9	START
TOP.62bca25f.000b2cf9	folder_config->cwd	C:\Users\91946\OneDrive\Desktop\GS-vintern\hashcat-6.2.5
TOP.62bca25f.000b2cf9	folder_config->install_dir	.
TOP.62bca25f.000b2cf9	folder_config->profile_dir	.
TOP.62bca25f.000b2cf9	folder_config->session_dir	.
TOP.62bca25f.000b2cf9	folder_config->shared_dir	.
TOP.62bca25f.000b2cf9	user_options->encoding_from	utf-8
TOP.62bca25f.000b2cf9	user_options->encoding_to	utf-8
TOP.62bca25f.000b2cf9	user_options->rule_buf_l	:
TOP.62bca25f.000b2cf9	user_options->rule_buf_r	:
TOP.62bca25f.000b2cf9	user_options->session	hashcat
TOP.62bca25f.000b2cf9	user_options->separator	:
TOP.62bca25f.000b2cf9	user_options->limit	0
TOP.62bca25f.000b2cf9	user_options->skip	0
TOP.62bca25f.000b2cf9	user_options->attack_mode	3
TOP.62bca25f.000b2cf9	user_options->benchmark	0
TOP.62bca25f.000b2cf9	user_options->benchmark_all	0
TOP.62bca25f.000b2cf9	user_options->bitmap_max	18
TOP.62bca25f.000b2cf9	user_options->bitmap_min	16
TOP.62bca25f.000b2cf9	user_options->debug_mode	0
TOP.62bca25f.000b2cf9	user_options->hash_info	0
TOP.62bca25f.000b2cf9	user_options->force	0
TOP.62bca25f.000b2cf9	user_options->hwmon_disable	0
TOP.62bca25f.000b2cf9	user_options->hwmon_temp_abort	90
TOP.62bca25f.000b2cf9	user_options->hash_mode	0
TOP.62bca25f.000b2cf9	user_options->hex_charset	0
TOP.62bca25f.000b2cf9	user_options->hex_salt	0
TOP.62bca25f.000b2cf9	user_options->hex_wordlist	0
TOP.62bca25f.000b2cf9	user_options->hook_threads	4
TOP.62bca25f.000b2cf9	user_options->identify	0
TOP.62bca25f.000b2cf9	user_options->increment	0
TOP.62bca25f.000b2cf9	user_options->increment_max	256
TOP.62bca25f.000b2cf9	user_options->increment_min	1
TOP.62bca25f.000b2cf9	user_options->keep_guessing	0
TOP.62bca25f.000b2cf9	user_options->kernel_accel	0
TOP.62bca25f.000b2cf9	user_options->kernel_loops	0
TOP.62bca25f.000b2cf9	user_options->kernel_threads	0
TOP.62bca25f.000b2cf9	user_options->keyspace	0
TOP.62bca25f.000b2cf9	user_options->left	0
TOP.62bca25f.000b2cf9	user_options->logfile_disable	0
TOP.62bca25f.000b2cf9	user_options->loopback	0
TOP.62bca25f.000b2cf9	user_options->machine_readable	0
TOP.62bca25f.000b2cf9	user_options->markov_classic	0
TOP.62bca25f.000b2cf9	user_options->markov_disable	0
TOP.62bca25f.000b2cf9	user_options->markov_inverse	0
TOP.62bca25f.000b2cf9	user_options->markov_threshold	256
TOP.62bca25f.000b2cf9	user_options->multiply_accel_disable	0
TOP.62bca25f.000b2cf9	user_options->backend_info	0
TOP.62bca25f.000b2cf9	user_options->backend_vector_width	0
TOP.62bca25f.000b2cf9	user_options->optimized_kernel_enable	1
TOP.62bca25f.000b2cf9	user_options->outfile_autohex	1
TOP.62bca25f.000b2cf9	user_options->outfile_check_timer	5
TOP.62bca25f.000b2cf9	user_options->outfile_format	3
TOP.62bca25f.000b2cf9	user_options->wordlist_autohex_disable	0
TOP.62bca25f.000b2cf9	user_options->potfile_disable	0
TOP.62bca25f.000b2cf9	user_options->progress_only	0
TOP.62bca25f.000b2cf9	user_options->quiet	0
TOP.62bca25f.000b2cf9	user_options->remove	0
TOP.62bca25f.000b2cf9	user_options->remove_timer	60
TOP.62bca25f.000b2cf9	user_options->restore	0
TOP.62bca25f.000b2cf9	user_options->restore_disable	0
TOP.62bca25f.000b2cf9	user_options->restore_timer	60
TOP.62bca25f.000b2cf9	user_options->rp_files_cnt	0
TOP.62bca25f.000b2cf9	user_options->rp_gen	0
TOP.62bca25f.000b2cf9	user_options->rp_gen_func_max	4
TOP.62bca25f.000b2cf9	user_options->rp_gen_func_min	1
TOP.62bca25f.000b2cf9	user_options->rp_gen_seed	0
TOP.62bca25f.000b2cf9	user_options->runtime	0
TOP.62bca25f.000b2cf9	user_options->scrypt_tmto	0
TOP.62bca25f.000b2cf9	user_options->segment_size	33554432
TOP.62bca25f.000b2cf9	user_options->self_test_disable	0
TOP.62bca25f.000b2cf9	user_options->slow_candidates	0
TOP.62bca25f.000b2cf9	user_options->show	0
TOP.62bca25f.000b2cf9	user_options->speed_only	0
TOP.62bca25f.000b2cf9	user_options->spin_damp	0
TOP.62bca25f.000b2cf9	user_options->status	0
TOP.62bca25f.000b2cf9	user_options->status_json	0
TOP.62bca25f.000b2cf9	user_options->status_timer	10
TOP.62bca25f.000b2cf9	user_options->stdout_flag	0
TOP.62bca25f.000b2cf9	user_options->usage	0
TOP.62bca25f.000b2cf9	user_options->username	0
TOP.62bca25f.000b2cf9	user_options->veracrypt_pim_start	485
TOP.62bca25f.000b2cf9	user_options->veracrypt_pim_stop	485
TOP.62bca25f.000b2cf9	user_options->version	0
TOP.62bca25f.000b2cf9	user_options->workload_profile	2
TOP.62bca25f.000b2cf9	user_options->brain_client	0
TOP.62bca25f.000b2cf9	user_options->brain_client_features	2
TOP.62bca25f.000b2cf9	user_options->brain_server	0
TOP.62bca25f.000b2cf9	user_options->brain_server_timer	300
TOP.62bca25f.000b2cf9	user_options->brain_port	6863
TOP.62bca25f.000b2cf9	user_options->brain_session	0
TOP.62bca25f.000b2cf9	proc_start	1656529503
TOP.62bca25f.000b2cf9	proc_stop	1656529503
TOP.62bca25f.000b2cf9	STOP
TOP.62bca276.000ace1f	START
TOP.62bca276.000ace1f	folder_config->cwd	C:\Users\91946\OneDrive\Desktop\GS-vintern\hashcat-6.2.5
TOP.62bca276.000ace1f	folder_config->install_dir	.
TOP.62bca276.000ace1f	folder_config->profile_dir	.
TOP.62bca276.000ace1f	folder_config->session_dir	.
TOP.62bca276.000ace1f	folder_config->shared_dir	.
TOP.62bca276.000ace1f	user_options->encoding_from	utf-8
TOP.62bca276.000ace1f	user_options->encoding_to	utf-8
TOP.62bca276.000ace1f	user_options->rule_buf_l	:
TOP.62bca276.000ace1f	user_options->rule_buf_r	:
TOP.62bca276.000ace1f	user_options->session	hashcat
TOP.62bca276.000ace1f	user_options->separator	:
TOP.62bca276.000ace1f	user_options->limit	0
TOP.62bca276.000ace1f	user_options->skip	0
TOP.62bca276.000ace1f	user_options->attack_mode	3
TOP.62bca276.000ace1f	user_options->benchmark	0
TOP.62bca276.000ace1f	user_options->benchmark_all	0
TOP.62bca276.000ace1f	user_options->bitmap_max	18
TOP.62bca276.000ace1f	user_options->bitmap_min	16
TOP.62bca276.000ace1f	user_options->debug_mode	0
TOP.62bca276.000ace1f	user_options->hash_info	0
TOP.62bca276.000ace1f	user_options->force	0
TOP.62bca276.000ace1f	user_options->hwmon_disable	0
TOP.62bca276.000ace1f	user_options->hwmon_temp_abort	90
TOP.62bca276.000ace1f	user_options->hash_mode	0
TOP.62bca276.000ace1f	user_options->hex_charset	0
TOP.62bca276.000ace1f	user_options->hex_salt	0
TOP.62bca276.000ace1f	user_options->hex_wordlist	0
TOP.62bca276.000ace1f	user_options->hook_threads	4
TOP.62bca276.000ace1f	user_options->identify	0
TOP.62bca276.000ace1f	user_options->increment	0
TOP.62bca276.000ace1f	user_options->increment_max	256
TOP.62bca276.000ace1f	user_options->increment_min	1
TOP.62bca276.000ace1f	user_options->keep_guessing	0
TOP.62bca276.000ace1f	user_options->kernel_accel	0
TOP.62bca276.000ace1f	user_options->kernel_loops	0
TOP.62bca276.000ace1f	user_options->kernel_threads	0
TOP.62bca276.000ace1f	user_options->keyspace	0
TOP.62bca276.000ace1f	user_options->left	0
TOP.62bca276.000ace1f	user_options->logfile_disable	0
TOP.62bca276.000ace1f	user_options->loopback	0
TOP.62bca276.000ace1f	user_options->machine_readable	0
TOP.62bca276.000ace1f	user_options->markov_classic	0
TOP.62bca276.000ace1f	user_options->markov_disable	0
TOP.62bca276.000ace1f	user_options->markov_inverse	0
TOP.62bca276.000ace1f	user_options->markov_threshold	256
TOP.62bca276.000ace1f	user_options->multiply_accel_disable	0
TOP.62bca276.000ace1f	user_options->backend_info	0
TOP.62bca276.000ace1f	user_options->backend_vector_width	0
TOP.62bca276.000ace1f	user_options->optimized_kernel_enable	1
TOP.62bca276.000ace1f	user_options->outfile_autohex	1
TOP.62bca276.000ace1f	user_options->outfile_check_timer	5
TOP.62bca276.000ace1f	user_options->outfile_format	3
TOP.62bca276.000ace1f	user_options->wordlist_autohex_disable	0
TOP.62bca276.000ace1f	user_options->potfile_disable	0
TOP.62bca276.000ace1f	user_options->progress_only	0
TOP.62bca276.000ace1f	user_options->quiet	0
TOP.62bca276.000ace1f	user_options->remove	0
TOP.62bca276.000ace1f	user_options->remove_timer	60
TOP.62bca276.000ace1f	user_options->restore	0
TOP.62bca276.000ace1f	user_options->restore_disable	0
TOP.62bca276.000ace1f	user_options->restore_timer	60
TOP.62bca276.000ace1f	user_options->rp_files_cnt	0
TOP.62bca276.000ace1f	user_options->rp_gen	0
TOP.62bca276.000ace1f	user_options->rp_gen_func_max	4
TOP.62bca276.000ace1f	user_options->rp_gen_func_min	1
TOP.62bca276.000ace1f	user_options->rp_gen_seed	0
TOP.62bca276.000ace1f	user_options->runtime	0
TOP.62bca276.000ace1f	user_options->scrypt_tmto	0
TOP.62bca276.000ace1f	user_options->segment_size	33554432
TOP.62bca276.000ace1f	user_options->self_test_disable	0
TOP.62bca276.000ace1f	user_options->slow_candidates	0
TOP.62bca276.000ace1f	user_options->show	0
TOP.62bca276.000ace1f	user_options->speed_only	0
TOP.62bca276.000ace1f	user_options->spin_damp	0
TOP.62bca276.000ace1f	user_options->status	0
TOP.62bca276.000ace1f	user_options->status_json	0
TOP.62bca276.000ace1f	user_options->status_timer	10
TOP.62bca276.000ace1f	user_options->stdout_flag	0
TOP.62bca276.000ace1f	user_options->usage	0
TOP.62bca276.000ace1f	user_options->username	0
TOP.62bca276.000ace1f	user_options->veracrypt_pim_start	485
TOP.62bca276.000ace1f	user_options->veracrypt_pim_stop	485
TOP.62bca276.000ace1f	user_options->version	0
TOP.62bca276.000ace1f	user_options->workload_profile	2
TOP.62bca276.000ace1f	user_options->brain_client	0
TOP.62bca276.000ace1f	user_options->brain_client_features	2
TOP.62bca276.000ace1f	user_options->brain_server	0
TOP.62bca276.000ace1f	user_options->brain_server_timer	300
TOP.62bca276.000ace1f	user_options->brain_port	6863
TOP.62bca276.000ace1f	user_options->brain_session	0
TOP.62bca276.000ace1f	proc_start	1656529526
TOP.62bca276.000ace1f	proc_stop	1656529526
TOP.62bca276.000ace1f	STOP
TOP.62bca284.000f1496	START
TOP.62bca284.000f1496	folder_config->cwd	C:\Users\91946\OneDrive\Desktop\GS-vintern\hashcat-6.2.5
TOP.62bca284.000f1496	folder_config->install_dir	.
TOP.62bca284.000f1496	folder_config->profile_dir	.
TOP.62bca284.000f1496	folder_config->session_dir	.
TOP.62bca284.000f1496	folder_config->shared_dir	.
TOP.62bca284.000f1496	user_options->custom_charset_1	?l?d?u
TOP.62bca284.000f1496	user_options->custom_charset_2	?l?d
TOP.62bca284.000f1496	user_options->custom_charset_3	?l?d*!$@_
TOP.62bca284.000f1496	user_options->encoding_from	utf-8
TOP.62bca284.000f1496	user_options->encoding_to	utf-8
TOP.62bca284.000f1496	user_options->outfile	crack.txt
TOP.62bca284.000f1496	user_options->rule_buf_l	:
TOP.62bca284.000f1496	user_options->rule_buf_r	:
TOP.62bca284.000f1496	user_options->session	hashcat
TOP.62bca284.000f1496	user_options->separator	:
TOP.62bca284.000f1496	user_options->limit	0
TOP.62bca284.000f1496	user_options->skip	0
TOP.62bca284.000f1496	user_options->attack_mode	3
TOP.62bca284.000f1496	user_options->benchmark	0
TOP.62bca284.000f1496	user_options->benchmark_all	0
TOP.62bca284.000f1496	user_options->bitmap_max	18
TOP.62bca284.000f1496	user_options->bitmap_min	16
TOP.62bca284.000f1496	user_options->debug_mode	0
TOP.62bca284.000f1496	user_options->hash_info	0
TOP.62bca284.000f1496	user_options->force	0
TOP.62bca284.000f1496	user_options->hwmon_disable	0
TOP.62bca284.000f1496	user_options->hwmon_temp_abort	90
TOP.62bca284.000f1496	user_options->hash_mode	0
TOP.62bca284.000f1496	user_options->hex_charset	0
TOP.62bca284.000f1496	user_options->hex_salt	0
TOP.62bca284.000f1496	user_options->hex_wordlist	0
TOP.62bca284.000f1496	user_options->hook_threads	4
TOP.62bca284.000f1496	user_options->identify	0
TOP.62bca284.000f1496	user_options->increment	1
TOP.62bca284.000f1496	user_options->increment_max	256
TOP.62bca284.000f1496	user_options->increment_min	1
TOP.62bca284.000f1496	user_options->keep_guessing	0
TOP.62bca284.000f1496	user_options->kernel_accel	0
TOP.62bca284.000f1496	user_options->kernel_loops	0
TOP.62bca284.000f1496	user_options->kernel_threads	0
TOP.62bca284.000f1496	user_options->keyspace	0
TOP.62bca284.000f1496	user_options->left	0
TOP.62bca284.000f1496	user_options->logfile_disable	0
TOP.62bca284.000f1496	user_options->loopback	0
TOP.62bca284.000f1496	user_options->machine_readable	0
TOP.62bca284.000f1496	user_options->markov_classic	0
TOP.62bca284.000f1496	user_options->markov_disable	0
TOP.62bca284.000f1496	user_options->markov_inverse	0
TOP.62bca284.000f1496	user_options->markov_threshold	256
TOP.62bca284.000f1496	user_options->multiply_accel_disable	0
TOP.62bca284.000f1496	user_options->backend_info	0
TOP.62bca284.000f1496	user_options->backend_vector_width	0
TOP.62bca284.000f1496	user_options->optimized_kernel_enable	0
TOP.62bca284.000f1496	user_options->outfile_autohex	1
TOP.62bca284.000f1496	user_options->outfile_check_timer	5
TOP.62bca284.000f1496	user_options->outfile_format	3
TOP.62bca284.000f1496	user_options->wordlist_autohex_disable	0
TOP.62bca284.000f1496	user_options->potfile_disable	0
TOP.62bca284.000f1496	user_options->progress_only	0
TOP.62bca284.000f1496	user_options->quiet	0
TOP.62bca284.000f1496	user_options->remove	0
TOP.62bca284.000f1496	user_options->remove_timer	60
TOP.62bca284.000f1496	user_options->restore	0
TOP.62bca284.000f1496	user_options->restore_disable	0
TOP.62bca284.000f1496	user_options->restore_timer	60
TOP.62bca284.000f1496	user_options->rp_files_cnt	0
TOP.62bca284.000f1496	user_options->rp_gen	0
TOP.62bca284.000f1496	user_options->rp_gen_func_max	4
TOP.62bca284.000f1496	user_options->rp_gen_func_min	1
TOP.62bca284.000f1496	user_options->rp_gen_seed	0
TOP.62bca284.000f1496	user_options->runtime	0
TOP.62bca284.000f1496	user_options->scrypt_tmto	0
TOP.62bca284.000f1496	user_options->segment_size	33554432
TOP.62bca284.000f1496	user_options->self_test_disable	0
TOP.62bca284.000f1496	user_options->slow_candidates	0
TOP.62bca284.000f1496	user_options->show	0
TOP.62bca284.000f1496	user_options->speed_only	0
TOP.62bca284.000f1496	user_options->spin_damp	0
TOP.62bca284.000f1496	user_options->status	0
TOP.62bca284.000f1496	user_options->status_json	0
TOP.62bca284.000f1496	user_options->status_timer	10
TOP.62bca284.000f1496	user_options->stdout_flag	0
TOP.62bca284.000f1496	user_options->usage	0
TOP.62bca284.000f1496	user_options->username	0
TOP.62bca284.000f1496	user_options->veracrypt_pim_start	485
TOP.62bca284.000f1496	user_options->veracrypt_pim_stop	485
TOP.62bca284.000f1496	user_options->version	0
TOP.62bca284.000f1496	user_options->workload_profile	2
TOP.62bca284.000f1496	user_options->brain_client	0
TOP.62bca284.000f1496	user_options->brain_client_features	2
TOP.62bca284.000f1496	user_options->brain_server	0
TOP.62bca284.000f1496	user_options->brain_server_timer	300
TOP.62bca284.000f1496	user_options->brain_port	6863
TOP.62bca284.000f1496	user_options->brain_session	0
TOP.62bca284.000f1496	hashes->hashfile	hash.txt
TOP.62bca284.000f1496	hashes->hashlist_mode	5
TOP.62bca284.000f1496	hashes->hashlist_format	0
TOP.62bca284.000f1496	hashes->hashes_cnt	0
TOP.62bca284.000f1496	hashes->digests_cnt	1
TOP.62bca284.000f1496	hashes->digests_done	0
TOP.62bca284.000f1496	hashes->salts_cnt	1
TOP.62bca284.000f1496	hashes->salts_done	0
TOP.62bca295.000b4dea	START
TOP.62bca295.000b4dea	folder_config->cwd	C:\Users\91946\OneDrive\Desktop\GS-vintern\hashcat-6.2.5
TOP.62bca295.000b4dea	folder_config->install_dir	.
TOP.62bca295.000b4dea	folder_config->profile_dir	.
TOP.62bca295.000b4dea	folder_config->session_dir	.
TOP.62bca295.000b4dea	folder_config->shared_dir	.
TOP.62bca295.000b4dea	user_options->custom_charset_1	?l?d?u
TOP.62bca295.000b4dea	user_options->custom_charset_2	?l?d
TOP.62bca295.000b4dea	user_options->custom_charset_3	?l?d*!$@_
TOP.62bca295.000b4dea	user_options->encoding_from	utf-8
TOP.62bca295.000b4dea	user_options->encoding_to	utf-8
TOP.62bca295.000b4dea	user_options->outfile	crack.txt
TOP.62bca295.000b4dea	user_options->rule_buf_l	:
TOP.62bca295.000b4dea	user_options->rule_buf_r	:
TOP.62bca295.000b4dea	user_options->session	hashcat
TOP.62bca295.000b4dea	user_options->separator	:
TOP.62bca295.000b4dea	user_options->limit	0
TOP.62bca295.000b4dea	user_options->skip	0
TOP.62bca295.000b4dea	user_options->attack_mode	3
TOP.62bca295.000b4dea	user_options->benchmark	0
TOP.62bca295.000b4dea	user_options->benchmark_all	0
TOP.62bca295.000b4dea	user_options->bitmap_max	18
TOP.62bca295.000b4dea	user_options->bitmap_min	16
TOP.62bca295.000b4dea	user_options->debug_mode	0
TOP.62bca295.000b4dea	user_options->hash_info	0
TOP.62bca295.000b4dea	user_options->force	0
TOP.62bca295.000b4dea	user_options->hwmon_disable	0
TOP.62bca295.000b4dea	user_options->hwmon_temp_abort	90
TOP.62bca295.000b4dea	user_options->hash_mode	0
TOP.62bca295.000b4dea	user_options->hex_charset	0
TOP.62bca295.000b4dea	user_options->hex_salt	0
TOP.62bca295.000b4dea	user_options->hex_wordlist	0
TOP.62bca295.000b4dea	user_options->hook_threads	4
TOP.62bca295.000b4dea	user_options->identify	0
TOP.62bca295.000b4dea	user_options->increment	1
TOP.62bca295.000b4dea	user_options->increment_max	256
TOP.62bca295.000b4dea	user_options->increment_min	1
TOP.62bca295.000b4dea	user_options->keep_guessing	0
TOP.62bca295.000b4dea	user_options->kernel_accel	0
TOP.62bca295.000b4dea	user_options->kernel_loops	0
TOP.62bca295.000b4dea	user_options->kernel_threads	0
TOP.62bca295.000b4dea	user_options->keyspace	0
TOP.62bca295.000b4dea	user_options->left	0
TOP.62bca295.000b4dea	user_options->logfile_disable	0
TOP.62bca295.000b4dea	user_options->loopback	0
TOP.62bca295.000b4dea	user_options->machine_readable	0
TOP.62bca295.000b4dea	user_options->markov_classic	0
TOP.62bca295.000b4dea	user_options->markov_disable	0
TOP.62bca295.000b4dea	user_options->markov_inverse	0
TOP.62bca295.000b4dea	user_options->markov_threshold	256
TOP.62bca295.000b4dea	user_options->multiply_accel_disable	0
TOP.62bca295.000b4dea	user_options->backend_info	0
TOP.62bca295.000b4dea	user_options->backend_vector_width	0
TOP.62bca295.000b4dea	user_options->optimized_kernel_enable	0
TOP.62bca295.000b4dea	user_options->outfile_autohex	1
TOP.62bca295.000b4dea	user_options->outfile_check_timer	5
TOP.62bca295.000b4dea	user_options->outfile_format	3
TOP.62bca295.000b4dea	user_options->wordlist_autohex_disable	0
TOP.62bca295.000b4dea	user_options->potfile_disable	0
TOP.62bca295.000b4dea	user_options->progress_only	0
TOP.62bca295.000b4dea	user_options->quiet	0
TOP.62bca295.000b4dea	user_options->remove	0
TOP.62bca295.000b4dea	user_options->remove_timer	60
TOP.62bca295.000b4dea	user_options->restore	0
TOP.62bca295.000b4dea	user_options->restore_disable	0
TOP.62bca295.000b4dea	user_options->restore_timer	60
TOP.62bca295.000b4dea	user_options->rp_files_cnt	0
TOP.62bca295.000b4dea	user_options->rp_gen	0
TOP.62bca295.000b4dea	user_options->rp_gen_func_max	4
TOP.62bca295.000b4dea	user_options->rp_gen_func_min	1
TOP.62bca295.000b4dea	user_options->rp_gen_seed	0
TOP.62bca295.000b4dea	user_options->runtime	0
TOP.62bca295.000b4dea	user_options->scrypt_tmto	0
TOP.62bca295.000b4dea	user_options->segment_size	33554432
TOP.62bca295.000b4dea	user_options->self_test_disable	0
TOP.62bca295.000b4dea	user_options->slow_candidates	0
TOP.62bca295.000b4dea	user_options->show	0
TOP.62bca295.000b4dea	user_options->speed_only	0
TOP.62bca295.000b4dea	user_options->spin_damp	0
TOP.62bca295.000b4dea	user_options->status	0
TOP.62bca295.000b4dea	user_options->status_json	0
TOP.62bca295.000b4dea	user_options->status_timer	10
TOP.62bca295.000b4dea	user_options->stdout_flag	0
TOP.62bca295.000b4dea	user_options->usage	0
TOP.62bca295.000b4dea	user_options->username	0
TOP.62bca295.000b4dea	user_options->veracrypt_pim_start	485
TOP.62bca295.000b4dea	user_options->veracrypt_pim_stop	485
TOP.62bca295.000b4dea	user_options->version	0
TOP.62bca295.000b4dea	user_options->workload_profile	2
TOP.62bca295.000b4dea	user_options->brain_client	0
TOP.62bca295.000b4dea	user_options->brain_client_features	2
TOP.62bca295.000b4dea	user_options->brain_server	0
TOP.62bca295.000b4dea	user_options->brain_server_timer	300
TOP.62bca295.000b4dea	user_options->brain_port	6863
TOP.62bca295.000b4dea	user_options->brain_session	0
TOP.62bca295.000b4dea	hashes->hashfile	hash.txt
TOP.62bca295.000b4dea	hashes->hashlist_mode	5
TOP.62bca295.000b4dea	hashes->hashlist_format	0
TOP.62bca295.000b4dea	hashes->hashes_cnt	0
TOP.62bca295.000b4dea	hashes->digests_cnt	1
TOP.62bca295.000b4dea	hashes->digests_done	0
TOP.62bca295.000b4dea	hashes->salts_cnt	1
TOP.62bca295.000b4dea	hashes->salts_done	0
TOP.62bca29e.00025b40	START
TOP.62bca29e.00025b40	folder_config->cwd	C:\Users\91946\OneDrive\Desktop\GS-vintern\hashcat-6.2.5
TOP.62bca29e.00025b40	folder_config->install_dir	.
TOP.62bca29e.00025b40	folder_config->profile_dir	.
TOP.62bca29e.00025b40	folder_config->session_dir	.
TOP.62bca29e.00025b40	folder_config->shared_dir	.
TOP.62bca29e.00025b40	user_options->encoding_from	utf-8
TOP.62bca29e.00025b40	user_options->encoding_to	utf-8
TOP.62bca29e.00025b40	user_options->rule_buf_l	:
TOP.62bca29e.00025b40	user_options->rule_buf_r	:
TOP.62bca29e.00025b40	user_options->session	hashcat
TOP.62bca29e.00025b40	user_options->separator	:
TOP.62bca29e.00025b40	user_options->limit	0
TOP.62bca29e.00025b40	user_options->skip	0
TOP.62bca29e.00025b40	user_options->attack_mode	3
TOP.62bca29e.00025b40	user_options->benchmark	0
TOP.62bca29e.00025b40	user_options->benchmark_all	0
TOP.62bca29e.00025b40	user_options->bitmap_max	18
TOP.62bca29e.00025b40	user_options->bitmap_min	16
TOP.62bca29e.00025b40	user_options->debug_mode	0
TOP.62bca29e.00025b40	user_options->hash_info	0
TOP.62bca29e.00025b40	user_options->force	0
TOP.62bca29e.00025b40	user_options->hwmon_disable	0
TOP.62bca29e.00025b40	user_options->hwmon_temp_abort	90
TOP.62bca29e.00025b40	user_options->hash_mode	0
TOP.62bca29e.00025b40	user_options->hex_charset	0
TOP.62bca29e.00025b40	user_options->hex_salt	0
TOP.62bca29e.00025b40	user_options->hex_wordlist	0
TOP.62bca29e.00025b40	user_options->hook_threads	4
TOP.62bca29e.00025b40	user_options->identify	0
TOP.62bca29e.00025b40	user_options->increment	0
TOP.62bca29e.00025b40	user_options->increment_max	256
TOP.62bca29e.00025b40	user_options->increment_min	1
TOP.62bca29e.00025b40	user_options->keep_guessing	0
TOP.62bca29e.00025b40	user_options->kernel_accel	0
TOP.62bca29e.00025b40	user_options->kernel_loops	0
TOP.62bca29e.00025b40	user_options->kernel_threads	0
TOP.62bca29e.00025b40	user_options->keyspace	0
TOP.62bca29e.00025b40	user_options->left	0
TOP.62bca29e.00025b40	user_options->logfile_disable	0
TOP.62bca29e.00025b40	user_options->loopback	0
TOP.62bca29e.00025b40	user_options->machine_readable	0
TOP.62bca29e.00025b40	user_options->markov_classic	0
TOP.62bca29e.00025b40	user_options->markov_disable	0
TOP.62bca29e.00025b40	user_options->markov_inverse	0
TOP.62bca29e.00025b40	user_options->markov_threshold	256
TOP.62bca29e.00025b40	user_options->multiply_accel_disable	0
TOP.62bca29e.00025b40	user_options->backend_info	0
TOP.62bca29e.00025b40	user_options->backend_vector_width	0
TOP.62bca29e.00025b40	user_options->optimized_kernel_enable	1
TOP.62bca29e.00025b40	user_options->outfile_autohex	1
TOP.62bca29e.00025b40	user_options->outfile_check_timer	5
TOP.62bca29e.00025b40	user_options->outfile_format	3
TOP.62bca29e.00025b40	user_options->wordlist_autohex_disable	0
TOP.62bca29e.00025b40	user_options->potfile_disable	0
TOP.62bca29e.00025b40	user_options->progress_only	0
TOP.62bca29e.00025b40	user_options->quiet	0
TOP.62bca29e.00025b40	user_options->remove	0
TOP.62bca29e.00025b40	user_options->remove_timer	60
TOP.62bca29e.00025b40	user_options->restore	0
TOP.62bca29e.00025b40	user_options->restore_disable	0
TOP.62bca29e.00025b40	user_options->restore_timer	60
TOP.62bca29e.00025b40	user_options->rp_files_cnt	0
TOP.62bca29e.00025b40	user_options->rp_gen	0
TOP.62bca29e.00025b40	user_options->rp_gen_func_max	4
TOP.62bca29e.00025b40	user_options->rp_gen_func_min	1
TOP.62bca29e.00025b40	user_options->rp_gen_seed	0
TOP.62bca29e.00025b40	user_options->runtime	0
TOP.62bca29e.00025b40	user_options->scrypt_tmto	0
TOP.62bca29e.00025b40	user_options->segment_size	33554432
TOP.62bca29e.00025b40	user_options->self_test_disable	0
TOP.62bca29e.00025b40	user_options->slow_candidates	0
TOP.62bca29e.00025b40	user_options->show	0
TOP.62bca29e.00025b40	user_options->speed_only	0
TOP.62bca29e.00025b40	user_options->spin_damp	0
TOP.62bca29e.00025b40	user_options->status	0
TOP.62bca29e.00025b40	user_options->status_json	0
TOP.62bca29e.00025b40	user_options->status_timer	10
TOP.62bca29e.00025b40	user_options->stdout_flag	0
TOP.62bca29e.00025b40	user_options->usage	0
TOP.62bca29e.00025b40	user_options->username	0
TOP.62bca29e.00025b40	user_options->veracrypt_pim_start	485
TOP.62bca29e.00025b40	user_options->veracrypt_pim_stop	485
TOP.62bca29e.00025b40	user_options->version	0
TOP.62bca29e.00025b40	user_options->workload_profile	2
TOP.62bca29e.00025b40	user_options->brain_client	0
TOP.62bca29e.00025b40	user_options->brain_client_features	2
TOP.62bca29e.00025b40	user_options->brain_server	0
TOP.62bca29e.00025b40	user_options->brain_server_timer	300
TOP.62bca29e.00025b40	user_options->brain_port	6863
TOP.62bca29e.00025b40	user_options->brain_session	0
TOP.62bca29e.00025b40	proc_start	1656529566
TOP.62bca29e.00025b40	proc_stop	1656529566
TOP.62bca29e.00025b40	STOP
TOP.62bca2fa.00000d60	START
TOP.62bca2fa.00000d60	folder_config->cwd	C:\Users\91946\OneDrive\Desktop\GS-vintern\hashcat-6.2.5
TOP.62bca2fa.00000d60	folder_config->install_dir	.
TOP.62bca2fa.00000d60	folder_config->profile_dir	.
TOP.62bca2fa.00000d60	folder_config->session_dir	.
TOP.62bca2fa.00000d60	folder_config->shared_dir	.
TOP.62bca2fa.00000d60	user_options->encoding_from	utf-8
TOP.62bca2fa.00000d60	user_options->encoding_to	utf-8
TOP.62bca2fa.00000d60	user_options->rule_buf_l	:
TOP.62bca2fa.00000d60	user_options->rule_buf_r	:
TOP.62bca2fa.00000d60	user_options->session	hashcat
TOP.62bca2fa.00000d60	user_options->separator	:
TOP.62bca2fa.00000d60	user_options->limit	0
TOP.62bca2fa.00000d60	user_options->skip	0
TOP.62bca2fa.00000d60	user_options->attack_mode	3
TOP.62bca2fa.00000d60	user_options->benchmark	0
TOP.62bca2fa.00000d60	user_options->benchmark_all	0
TOP.62bca2fa.00000d60	user_options->bitmap_max	18
TOP.62bca2fa.00000d60	user_options->bitmap_min	16
TOP.62bca2fa.00000d60	user_options->debug_mode	0
TOP.62bca2fa.00000d60	user_options->hash_info	0
TOP.62bca2fa.00000d60	user_options->force	1
TOP.62bca2fa.00000d60	user_options->hwmon_disable	0
TOP.62bca2fa.00000d60	user_options->hwmon_temp_abort	90
TOP.62bca2fa.00000d60	user_options->hash_mode	0
TOP.62bca2fa.00000d60	user_options->hex_charset	0
TOP.62bca2fa.00000d60	user_options->hex_salt	0
TOP.62bca2fa.00000d60	user_options->hex_wordlist	0
TOP.62bca2fa.00000d60	user_options->hook_threads	4
TOP.62bca2fa.00000d60	user_options->identify	0
TOP.62bca2fa.00000d60	user_options->increment	0
TOP.62bca2fa.00000d60	user_options->increment_max	256
TOP.62bca2fa.00000d60	user_options->increment_min	1
TOP.62bca2fa.00000d60	user_options->keep_guessing	0
TOP.62bca2fa.00000d60	user_options->kernel_accel	0
TOP.62bca2fa.00000d60	user_options->kernel_loops	0
TOP.62bca2fa.00000d60	user_options->kernel_threads	0
TOP.62bca2fa.00000d60	user_options->keyspace	0
TOP.62bca2fa.00000d60	user_options->left	0
TOP.62bca2fa.00000d60	user_options->logfile_disable	0
TOP.62bca2fa.00000d60	user_options->loopback	0
TOP.62bca2fa.00000d60	user_options->machine_readable	0
TOP.62bca2fa.00000d60	user_options->markov_classic	0
TOP.62bca2fa.00000d60	user_options->markov_disable	0
TOP.62bca2fa.00000d60	user_options->markov_inverse	0
TOP.62bca2fa.00000d60	user_options->markov_threshold	256
TOP.62bca2fa.00000d60	user_options->multiply_accel_disable	0
TOP.62bca2fa.00000d60	user_options->backend_info	0
TOP.62bca2fa.00000d60	user_options->backend_vector_width	0
TOP.62bca2fa.00000d60	user_options->optimized_kernel_enable	0
TOP.62bca2fa.00000d60	user_options->outfile_autohex	1
TOP.62bca2fa.00000d60	user_options->outfile_check_timer	5
TOP.62bca2fa.00000d60	user_options->outfile_format	3
TOP.62bca2fa.00000d60	user_options->wordlist_autohex_disable	0
TOP.62bca2fa.00000d60	user_options->potfile_disable	0
TOP.62bca2fa.00000d60	user_options->progress_only	0
TOP.62bca2fa.00000d60	user_options->quiet	0
TOP.62bca2fa.00000d60	user_options->remove	0
TOP.62bca2fa.00000d60	user_options->remove_timer	60
TOP.62bca2fa.00000d60	user_options->restore	0
TOP.62bca2fa.00000d60	user_options->restore_disable	0
TOP.62bca2fa.00000d60	user_options->restore_timer	60
TOP.62bca2fa.00000d60	user_options->rp_files_cnt	0
TOP.62bca2fa.00000d60	user_options->rp_gen	0
TOP.62bca2fa.00000d60	user_options->rp_gen_func_max	4
TOP.62bca2fa.00000d60	user_options->rp_gen_func_min	1
TOP.62bca2fa.00000d60	user_options->rp_gen_seed	0
TOP.62bca2fa.00000d60	user_options->runtime	0
TOP.62bca2fa.00000d60	user_options->scrypt_tmto	0
TOP.62bca2fa.00000d60	user_options->segment_size	33554432
TOP.62bca2fa.00000d60	user_options->self_test_disable	0
TOP.62bca2fa.00000d60	user_options->slow_candidates	0
TOP.62bca2fa.00000d60	user_options->show	0
TOP.62bca2fa.00000d60	user_options->speed_only	0
TOP.62bca2fa.00000d60	user_options->spin_damp	0
TOP.62bca2fa.00000d60	user_options->status	0
TOP.62bca2fa.00000d60	user_options->status_json	0
TOP.62bca2fa.00000d60	user_options->status_timer	10
TOP.62bca2fa.00000d60	user_options->stdout_flag	0
TOP.62bca2fa.00000d60	user_options->usage	0
TOP.62bca2fa.00000d60	user_options->username	0
TOP.62bca2fa.00000d60	user_options->veracrypt_pim_start	485
TOP.62bca2fa.00000d60	user_options->veracrypt_pim_stop	485
TOP.62bca2fa.00000d60	user_options->version	0
TOP.62bca2fa.00000d60	user_options->workload_profile	2
TOP.62bca2fa.00000d60	user_options->brain_client	0
TOP.62bca2fa.00000d60	user_options->brain_client_features	2
TOP.62bca2fa.00000d60	user_options->brain_server	0
TOP.62bca2fa.00000d60	user_options->brain_server_timer	300
TOP.62bca2fa.00000d60	user_options->brain_port	6863
TOP.62bca2fa.00000d60	user_options->brain_session	0
TOP.62bca2fa.00000d60	proc_start	1656529658
TOP.62bca2fa.00000d60	proc_stop	1656529658
TOP.62bca2fa.00000d60	STOP
TOP.62bca316.000978a3	START
TOP.62bca316.000978a3	folder_config->cwd	C:\Users\91946\OneDrive\Desktop\GS-vintern\hashcat-6.2.5
TOP.62bca316.000978a3	folder_config->install_dir	.
TOP.62bca316.000978a3	folder_config->profile_dir	.
TOP.62bca316.000978a3	folder_config->session_dir	.
TOP.62bca316.000978a3	folder_config->shared_dir	.
TOP.62bca316.000978a3	user_options->encoding_from	utf-8
TOP.62bca316.000978a3	user_options->encoding_to	utf-8
TOP.62bca316.000978a3	user_options->rule_buf_l	:
TOP.62bca316.000978a3	user_options->rule_buf_r	:
TOP.62bca316.000978a3	user_options->session	hashcat
TOP.62bca316.000978a3	user_options->separator	:
TOP.62bca316.000978a3	user_options->limit	0
TOP.62bca316.000978a3	user_options->skip	0
TOP.62bca316.000978a3	user_options->attack_mode	3
TOP.62bca316.000978a3	user_options->benchmark	0
TOP.62bca316.000978a3	user_options->benchmark_all	0
TOP.62bca316.000978a3	user_options->bitmap_max	18
TOP.62bca316.000978a3	user_options->bitmap_min	16
TOP.62bca316.000978a3	user_options->debug_mode	0
TOP.62bca316.000978a3	user_options->hash_info	0
TOP.62bca316.000978a3	user_options->force	1
TOP.62bca316.000978a3	user_options->hwmon_disable	0
TOP.62bca316.000978a3	user_options->hwmon_temp_abort	90
TOP.62bca316.000978a3	user_options->hash_mode	0
TOP.62bca316.000978a3	user_options->hex_charset	0
TOP.62bca316.000978a3	user_options->hex_salt	0
TOP.62bca316.000978a3	user_options->hex_wordlist	0
TOP.62bca316.000978a3	user_options->hook_threads	4
TOP.62bca316.000978a3	user_options->identify	0
TOP.62bca316.000978a3	user_options->increment	0
TOP.62bca316.000978a3	user_options->increment_max	256
TOP.62bca316.000978a3	user_options->increment_min	1
TOP.62bca316.000978a3	user_options->keep_guessing	0
TOP.62bca316.000978a3	user_options->kernel_accel	0
TOP.62bca316.000978a3	user_options->kernel_loops	0
TOP.62bca316.000978a3	user_options->kernel_threads	0
TOP.62bca316.000978a3	user_options->keyspace	0
TOP.62bca316.000978a3	user_options->left	0
TOP.62bca316.000978a3	user_options->logfile_disable	0
TOP.62bca316.000978a3	user_options->loopback	0
TOP.62bca316.000978a3	user_options->machine_readable	0
TOP.62bca316.000978a3	user_options->markov_classic	0
TOP.62bca316.000978a3	user_options->markov_disable	0
TOP.62bca316.000978a3	user_options->markov_inverse	0
TOP.62bca316.000978a3	user_options->markov_threshold	256
TOP.62bca316.000978a3	user_options->multiply_accel_disable	0
TOP.62bca316.000978a3	user_options->backend_info	0
TOP.62bca316.000978a3	user_options->backend_vector_width	0
TOP.62bca316.000978a3	user_options->optimized_kernel_enable	0
TOP.62bca316.000978a3	user_options->outfile_autohex	1
TOP.62bca316.000978a3	user_options->outfile_check_timer	5
TOP.62bca316.000978a3	user_options->outfile_format	3
TOP.62bca316.000978a3	user_options->wordlist_autohex_disable	0
TOP.62bca316.000978a3	user_options->potfile_disable	0
TOP.62bca316.000978a3	user_options->progress_only	0
TOP.62bca316.000978a3	user_options->quiet	0
TOP.62bca316.000978a3	user_options->remove	0
TOP.62bca316.000978a3	user_options->remove_timer	60
TOP.62bca316.000978a3	user_options->restore	0
TOP.62bca316.000978a3	user_options->restore_disable	0
TOP.62bca316.000978a3	user_options->restore_timer	60
TOP.62bca316.000978a3	user_options->rp_files_cnt	0
TOP.62bca316.000978a3	user_options->rp_gen	0
TOP.62bca316.000978a3	user_options->rp_gen_func_max	4
TOP.62bca316.000978a3	user_options->rp_gen_func_min	1
TOP.62bca316.000978a3	user_options->rp_gen_seed	0
TOP.62bca316.000978a3	user_options->runtime	0
TOP.62bca316.000978a3	user_options->scrypt_tmto	0
TOP.62bca316.000978a3	user_options->segment_size	33554432
TOP.62bca316.000978a3	user_options->self_test_disable	0
TOP.62bca316.000978a3	user_options->slow_candidates	0
TOP.62bca316.000978a3	user_options->show	0
TOP.62bca316.000978a3	user_options->speed_only	0
TOP.62bca316.000978a3	user_options->spin_damp	0
TOP.62bca316.000978a3	user_options->status	0
TOP.62bca316.000978a3	user_options->status_json	0
TOP.62bca316.000978a3	user_options->status_timer	10
TOP.62bca316.000978a3	user_options->stdout_flag	0
TOP.62bca316.000978a3	user_options->usage	0
TOP.62bca316.000978a3	user_options->username	0
TOP.62bca316.000978a3	user_options->veracrypt_pim_start	485
TOP.62bca316.000978a3	user_options->veracrypt_pim_stop	485
TOP.62bca316.000978a3	user_options->version	0
TOP.62bca316.000978a3	user_options->workload_profile	2
TOP.62bca316.000978a3	user_options->brain_client	0
TOP.62bca316.000978a3	user_options->brain_client_features	2
TOP.62bca316.000978a3	user_options->brain_server	0
TOP.62bca316.000978a3	user_options->brain_server_timer	300
TOP.62bca316.000978a3	user_options->brain_port	6863
TOP.62bca316.000978a3	user_options->brain_session	0
TOP.62bca316.000978a3	proc_start	1656529686
TOP.62bca316.000978a3	proc_stop	1656529686
TOP.62bca316.000978a3	STOP
TOP.62bca33d.000b8786	START
TOP.62bca33d.000b8786	folder_config->cwd	C:\Users\91946\OneDrive\Desktop\GS-vintern\hashcat-6.2.5
TOP.62bca33d.000b8786	folder_config->install_dir	.
TOP.62bca33d.000b8786	folder_config->profile_dir	.
TOP.62bca33d.000b8786	folder_config->session_dir	.
TOP.62bca33d.000b8786	folder_config->shared_dir	.
TOP.62bca33d.000b8786	user_options->custom_charset_1	?l?d?u
TOP.62bca33d.000b8786	user_options->custom_charset_2	?l?d
TOP.62bca33d.000b8786	user_options->custom_charset_3	?l?d*!$@_
TOP.62bca33d.000b8786	user_options->encoding_from	utf-8
TOP.62bca33d.000b8786	user_options->encoding_to	utf-8
TOP.62bca33d.000b8786	user_options->rule_buf_l	:
TOP.62bca33d.000b8786	user_options->rule_buf_r	:
TOP.62bca33d.000b8786	user_options->session	hashcat
TOP.62bca33d.000b8786	user_options->separator	:
TOP.62bca33d.000b8786	user_options->limit	0
TOP.62bca33d.000b8786	user_options->skip	0
TOP.62bca33d.000b8786	user_options->attack_mode	3
TOP.62bca33d.000b8786	user_options->benchmark	0
TOP.62bca33d.000b8786	user_options->benchmark_all	0
TOP.62bca33d.000b8786	user_options->bitmap_max	18
TOP.62bca33d.000b8786	user_options->bitmap_min	16
TOP.62bca33d.000b8786	user_options->debug_mode	0
TOP.62bca33d.000b8786	user_options->hash_info	0
TOP.62bca33d.000b8786	user_options->force	1
TOP.62bca33d.000b8786	user_options->hwmon_disable	0
TOP.62bca33d.000b8786	user_options->hwmon_temp_abort	90
TOP.62bca33d.000b8786	user_options->hash_mode	0
TOP.62bca33d.000b8786	user_options->hex_charset	0
TOP.62bca33d.000b8786	user_options->hex_salt	0
TOP.62bca33d.000b8786	user_options->hex_wordlist	0
TOP.62bca33d.000b8786	user_options->hook_threads	4
TOP.62bca33d.000b8786	user_options->identify	0
TOP.62bca33d.000b8786	user_options->increment	1
TOP.62bca33d.000b8786	user_options->increment_max	256
TOP.62bca33d.000b8786	user_options->increment_min	1
TOP.62bca33d.000b8786	user_options->keep_guessing	0
TOP.62bca33d.000b8786	user_options->kernel_accel	0
TOP.62bca33d.000b8786	user_options->kernel_loops	0
TOP.62bca33d.000b8786	user_options->kernel_threads	0
TOP.62bca33d.000b8786	user_options->keyspace	0
TOP.62bca33d.000b8786	user_options->left	0
TOP.62bca33d.000b8786	user_options->logfile_disable	0
TOP.62bca33d.000b8786	user_options->loopback	0
TOP.62bca33d.000b8786	user_options->machine_readable	0
TOP.62bca33d.000b8786	user_options->markov_classic	0
TOP.62bca33d.000b8786	user_options->markov_disable	0
TOP.62bca33d.000b8786	user_options->markov_inverse	0
TOP.62bca33d.000b8786	user_options->markov_threshold	256
TOP.62bca33d.000b8786	user_options->multiply_accel_disable	0
TOP.62bca33d.000b8786	user_options->backend_info	0
TOP.62bca33d.000b8786	user_options->backend_vector_width	0
TOP.62bca33d.000b8786	user_options->optimized_kernel_enable	0
TOP.62bca33d.000b8786	user_options->outfile_autohex	1
TOP.62bca33d.000b8786	user_options->outfile_check_timer	5
TOP.62bca33d.000b8786	user_options->outfile_format	3
TOP.62bca33d.000b8786	user_options->wordlist_autohex_disable	0
TOP.62bca33d.000b8786	user_options->potfile_disable	0
TOP.62bca33d.000b8786	user_options->progress_only	0
TOP.62bca33d.000b8786	user_options->quiet	0
TOP.62bca33d.000b8786	user_options->remove	0
TOP.62bca33d.000b8786	user_options->remove_timer	60
TOP.62bca33d.000b8786	user_options->restore	0
TOP.62bca33d.000b8786	user_options->restore_disable	0
TOP.62bca33d.000b8786	user_options->restore_timer	60
TOP.62bca33d.000b8786	user_options->rp_files_cnt	0
TOP.62bca33d.000b8786	user_options->rp_gen	0
TOP.62bca33d.000b8786	user_options->rp_gen_func_max	4
TOP.62bca33d.000b8786	user_options->rp_gen_func_min	1
TOP.62bca33d.000b8786	user_options->rp_gen_seed	0
TOP.62bca33d.000b8786	user_options->runtime	0
TOP.62bca33d.000b8786	user_options->scrypt_tmto	0
TOP.62bca33d.000b8786	user_options->segment_size	33554432
TOP.62bca33d.000b8786	user_options->self_test_disable	0
TOP.62bca33d.000b8786	user_options->slow_candidates	0
TOP.62bca33d.000b8786	user_options->show	0
TOP.62bca33d.000b8786	user_options->speed_only	0
TOP.62bca33d.000b8786	user_options->spin_damp	0
TOP.62bca33d.000b8786	user_options->status	0
TOP.62bca33d.000b8786	user_options->status_json	0
TOP.62bca33d.000b8786	user_options->status_timer	10
TOP.62bca33d.000b8786	user_options->stdout_flag	0
TOP.62bca33d.000b8786	user_options->usage	0
TOP.62bca33d.000b8786	user_options->username	0
TOP.62bca33d.000b8786	user_options->veracrypt_pim_start	485
TOP.62bca33d.000b8786	user_options->veracrypt_pim_stop	485
TOP.62bca33d.000b8786	user_options->version	0
TOP.62bca33d.000b8786	user_options->workload_profile	2
TOP.62bca33d.000b8786	user_options->brain_client	0
TOP.62bca33d.000b8786	user_options->brain_client_features	2
TOP.62bca33d.000b8786	user_options->brain_server	0
TOP.62bca33d.000b8786	user_options->brain_server_timer	300
TOP.62bca33d.000b8786	user_options->brain_port	6863
TOP.62bca33d.000b8786	user_options->brain_session	0
TOP.62bca33d.000b8786	hashes->hashfile	crack.txt
TOP.62bca33d.000b8786	hashes->hashlist_mode	5
TOP.62bca33d.000b8786	hashes->hashlist_format	0
TOP.62bca33d.000b8786	hashes->hashes_cnt	0
TOP.62bca33d.000b8786	hashes->digests_cnt	1
TOP.62bca33d.000b8786	hashes->digests_done	0
TOP.62bca33d.000b8786	hashes->salts_cnt	1
TOP.62bca33d.000b8786	hashes->salts_done	0
TOP.62bca352.0005e71e	START
TOP.62bca352.0005e71e	folder_config->cwd	C:\Users\91946\OneDrive\Desktop\GS-vintern\hashcat-6.2.5
TOP.62bca352.0005e71e	folder_config->install_dir	.
TOP.62bca352.0005e71e	folder_config->profile_dir	.
TOP.62bca352.0005e71e	folder_config->session_dir	.
TOP.62bca352.0005e71e	folder_config->shared_dir	.
TOP.62bca352.0005e71e	user_options->custom_charset_1	?l?d?u
TOP.62bca352.0005e71e	user_options->custom_charset_2	?l?d
TOP.62bca352.0005e71e	user_options->custom_charset_3	?l?d*!$@_
TOP.62bca352.0005e71e	user_options->encoding_from	utf-8
TOP.62bca352.0005e71e	user_options->encoding_to	utf-8
TOP.62bca352.0005e71e	user_options->rule_buf_l	:
TOP.62bca352.0005e71e	user_options->rule_buf_r	:
TOP.62bca352.0005e71e	user_options->session	hashcat
TOP.62bca352.0005e71e	user_options->separator	:
TOP.62bca352.0005e71e	user_options->limit	0
TOP.62bca352.0005e71e	user_options->skip	0
TOP.62bca352.0005e71e	user_options->attack_mode	3
TOP.62bca352.0005e71e	user_options->benchmark	0
TOP.62bca352.0005e71e	user_options->benchmark_all	0
TOP.62bca352.0005e71e	user_options->bitmap_max	18
TOP.62bca352.0005e71e	user_options->bitmap_min	16
TOP.62bca352.0005e71e	user_options->debug_mode	0
TOP.62bca352.0005e71e	user_options->hash_info	0
TOP.62bca352.0005e71e	user_options->force	1
TOP.62bca352.0005e71e	user_options->hwmon_disable	0
TOP.62bca352.0005e71e	user_options->hwmon_temp_abort	90
TOP.62bca352.0005e71e	user_options->hash_mode	0
TOP.62bca352.0005e71e	user_options->hex_charset	0
TOP.62bca352.0005e71e	user_options->hex_salt	0
TOP.62bca352.0005e71e	user_options->hex_wordlist	0
TOP.62bca352.0005e71e	user_options->hook_threads	4
TOP.62bca352.0005e71e	user_options->identify	0
TOP.62bca352.0005e71e	user_options->increment	1
TOP.62bca352.0005e71e	user_options->increment_max	256
TOP.62bca352.0005e71e	user_options->increment_min	1
TOP.62bca352.0005e71e	user_options->keep_guessing	0
TOP.62bca352.0005e71e	user_options->kernel_accel	0
TOP.62bca352.0005e71e	user_options->kernel_loops	0
TOP.62bca352.0005e71e	user_options->kernel_threads	0
TOP.62bca352.0005e71e	user_options->keyspace	0
TOP.62bca352.0005e71e	user_options->left	0
TOP.62bca352.0005e71e	user_options->logfile_disable	0
TOP.62bca352.0005e71e	user_options->loopback	0
TOP.62bca352.0005e71e	user_options->machine_readable	0
TOP.62bca352.0005e71e	user_options->markov_classic	0
TOP.62bca352.0005e71e	user_options->markov_disable	0
TOP.62bca352.0005e71e	user_options->markov_inverse	0
TOP.62bca352.0005e71e	user_options->markov_threshold	256
TOP.62bca352.0005e71e	user_options->multiply_accel_disable	0
TOP.62bca352.0005e71e	user_options->backend_info	0
TOP.62bca352.0005e71e	user_options->backend_vector_width	0
TOP.62bca352.0005e71e	user_options->optimized_kernel_enable	1
TOP.62bca352.0005e71e	user_options->outfile_autohex	1
TOP.62bca352.0005e71e	user_options->outfile_check_timer	5
TOP.62bca352.0005e71e	user_options->outfile_format	3
TOP.62bca352.0005e71e	user_options->wordlist_autohex_disable	0
TOP.62bca352.0005e71e	user_options->potfile_disable	0
TOP.62bca352.0005e71e	user_options->progress_only	0
TOP.62bca352.0005e71e	user_options->quiet	0
TOP.62bca352.0005e71e	user_options->remove	0
TOP.62bca352.0005e71e	user_options->remove_timer	60
TOP.62bca352.0005e71e	user_options->restore	0
TOP.62bca352.0005e71e	user_options->restore_disable	0
TOP.62bca352.0005e71e	user_options->restore_timer	60
TOP.62bca352.0005e71e	user_options->rp_files_cnt	0
TOP.62bca352.0005e71e	user_options->rp_gen	0
TOP.62bca352.0005e71e	user_options->rp_gen_func_max	4
TOP.62bca352.0005e71e	user_options->rp_gen_func_min	1
TOP.62bca352.0005e71e	user_options->rp_gen_seed	0
TOP.62bca352.0005e71e	user_options->runtime	0
TOP.62bca352.0005e71e	user_options->scrypt_tmto	0
TOP.62bca352.0005e71e	user_options->segment_size	33554432
TOP.62bca352.0005e71e	user_options->self_test_disable	0
TOP.62bca352.0005e71e	user_options->slow_candidates	0
TOP.62bca352.0005e71e	user_options->show	0
TOP.62bca352.0005e71e	user_options->speed_only	0
TOP.62bca352.0005e71e	user_options->spin_damp	0
TOP.62bca352.0005e71e	user_options->status	0
TOP.62bca352.0005e71e	user_options->status_json	0
TOP.62bca352.0005e71e	user_options->status_timer	10
TOP.62bca352.0005e71e	user_options->stdout_flag	0
TOP.62bca352.0005e71e	user_options->usage	0
TOP.62bca352.0005e71e	user_options->username	0
TOP.62bca352.0005e71e	user_options->veracrypt_pim_start	485
TOP.62bca352.0005e71e	user_options->veracrypt_pim_stop	485
TOP.62bca352.0005e71e	user_options->version	0
TOP.62bca352.0005e71e	user_options->workload_profile	2
TOP.62bca352.0005e71e	user_options->brain_client	0
TOP.62bca352.0005e71e	user_options->brain_client_features	2
TOP.62bca352.0005e71e	user_options->brain_server	0
TOP.62bca352.0005e71e	user_options->brain_server_timer	300
TOP.62bca352.0005e71e	user_options->brain_port	6863
TOP.62bca352.0005e71e	user_options->brain_session	0
TOP.62bca352.0005e71e	hashes->hashfile	crack.txt
TOP.62bca352.0005e71e	hashes->hashlist_mode	5
TOP.62bca352.0005e71e	hashes->hashlist_format	0
TOP.62bca352.0005e71e	hashes->hashes_cnt	0
TOP.62bca352.0005e71e	hashes->digests_cnt	1
TOP.62bca352.0005e71e	hashes->digests_done	0
TOP.62bca352.0005e71e	hashes->salts_cnt	1
TOP.62bca352.0005e71e	hashes->salts_done	0
